<?xml version="1.0" encoding="UTF-8"?>
<!-- Generated by org.testng.reporters.JUnitXMLReporter -->
<testsuite ignored="0" hostname="DESKTOP-0C06OPH" failures="0" tests="2" name="Surefire test" time="1.046" errors="0" timestamp="2025-05-19T19:34:51 IST">
  <testcase classname="org.example.test.DockerizedWiremockTest" name="testCreateUserWithContainer" time="0.337"/>
  <testcase classname="org.example.test.DockerizedWiremockTest" name="testGetUserFromContainer" time="0.017"/>
</testsuite> <!-- Surefire test -->
