<?xml version="1.0" encoding="UTF-8"?>
<testsuite xmlns:xsi="http://www.w3.org/2001/XMLSchema-instance" xsi:noNamespaceSchemaLocation="https://maven.apache.org/surefire/maven-surefire-plugin/xsd/surefire-test-report-3.0.xsd" version="3.0" name="org.example.test.DockerizedWiremockTest" time="1.929" tests="2" errors="0" skipped="0" failures="0">
  <properties>
[...]
</properties>
  <testcase name="testCreateUserWithContainer" classname="org.example.test.DockerizedWiremockTest" time="0.333">
    <system-err><![CDATA[[main] INFO org.example.test.DockerizedWiremockTest - Configured API client to use Wiremock container at localhost:9090
[main] INFO org.example.service.ApiClient - Sending POST request to: http://localhost:9090/api/users
[main] INFO org.example.service.ApiClient - Request body: {"name":"John Doe","email":"john.doe@example.com","age":30}
[main] INFO org.example.service.ApiClient - Response: {"id":123,"name":"John Doe","email":"john.doe@example.com","createdAt":"2025-05-18T10:30:00Z"}
]]></system-err>
  </testcase>
  <testcase name="testGetUserFromContainer" classname="org.example.test.DockerizedWiremockTest" time="0.01">
    <system-err><![CDATA[[main] INFO org.example.service.ApiClient - Sending GET request to: http://localhost:9090/api/users/1
[main] INFO org.example.service.ApiClient - Response: {"id":1,"name":"Jane Smith","email":"jane.smith@example.com","age":28,"department":"Engineering"}
]]></system-err>
  </testcase>
</testsuite>