<?xml version="1.0" encoding="UTF-8"?>
<!-- Generated by org.testng.reporters.JUnitXMLReporter -->
<testsuite ignored="0" hostname="DESKTOP-0C06OPH" failures="0" tests="3" name="WiremockTests" time="2.716" errors="0" timestamp="2025-05-19T19:29:58 IST">
  <testcase classname="org.example.test.WiremockTest" name="testCreateUser" time="0.622"/>
  <testcase classname="org.example.test.WiremockTest" name="testGetUserById" time="0.022"/>
  <testcase classname="org.example.test.WiremockTest" name="testGetUserWithProgrammaticStub" time="0.032"/>
</testsuite> <!-- WiremockTests -->
